Generated at 2015-10-10 06:35:31 +0000
Docker::Error::NotFoundError: docker_service[default] (docker-mongodb::default line 10) had an error: Docker::Error::NotFoundError: client and server don't have same version (client : 1.16, server: 1.12)

/home/ubuntu/chef-repo/.chef/local-mode-cache/cache/cookbooks/docker/files/default/vendor/gems/docker-api-1.22.4/lib/docker/connection.rb:46:in `rescue in request'
/home/ubuntu/chef-repo/.chef/local-mode-cache/cache/cookbooks/docker/files/default/vendor/gems/docker-api-1.22.4/lib/docker/connection.rb:38:in `request'
/home/ubuntu/chef-repo/.chef/local-mode-cache/cache/cookbooks/docker/files/default/vendor/gems/docker-api-1.22.4/lib/docker/connection.rb:65:in `block (2 levels) in <class:Connection>'
/home/ubuntu/chef-repo/.chef/local-mode-cache/cache/cookbooks/docker/files/default/vendor/gems/docker-api-1.22.4/lib/docker.rb:110:in `info'
/home/ubuntu/chef-repo/.chef/local-mode-cache/cache/cookbooks/docker/libraries/provider_docker_service.rb:40:in `load_current_resource'
/opt/chef/embedded/lib/ruby/gems/2.1.0/gems/chef-12.5.1/lib/chef/provider.rb:127:in `run_action'
/opt/chef/embedded/lib/ruby/gems/2.1.0/gems/chef-12.5.1/lib/chef/resource.rb:585:in `run_action'
/opt/chef/embedded/lib/ruby/gems/2.1.0/gems/chef-12.5.1/lib/chef/runner.rb:49:in `run_action'
/opt/chef/embedded/lib/ruby/gems/2.1.0/gems/chef-12.5.1/lib/chef/runner.rb:81:in `block (2 levels) in converge'
/opt/chef/embedded/lib/ruby/gems/2.1.0/gems/chef-12.5.1/lib/chef/runner.rb:81:in `each'
/opt/chef/embedded/lib/ruby/gems/2.1.0/gems/chef-12.5.1/lib/chef/runner.rb:81:in `block in converge'
/opt/chef/embedded/lib/ruby/gems/2.1.0/gems/chef-12.5.1/lib/chef/resource_collection/resource_list.rb:83:in `block in execute_each_resource'
/opt/chef/embedded/lib/ruby/gems/2.1.0/gems/chef-12.5.1/lib/chef/resource_collection/stepable_iterator.rb:116:in `call'
/opt/chef/embedded/lib/ruby/gems/2.1.0/gems/chef-12.5.1/lib/chef/resource_collection/stepable_iterator.rb:116:in `call_iterator_block'
/opt/chef/embedded/lib/ruby/gems/2.1.0/gems/chef-12.5.1/lib/chef/resource_collection/stepable_iterator.rb:85:in `step'
/opt/chef/embedded/lib/ruby/gems/2.1.0/gems/chef-12.5.1/lib/chef/resource_collection/stepable_iterator.rb:104:in `iterate'
/opt/chef/embedded/lib/ruby/gems/2.1.0/gems/chef-12.5.1/lib/chef/resource_collection/stepable_iterator.rb:55:in `each_with_index'
/opt/chef/embedded/lib/ruby/gems/2.1.0/gems/chef-12.5.1/lib/chef/resource_collection/resource_list.rb:81:in `execute_each_resource'
/opt/chef/embedded/lib/ruby/gems/2.1.0/gems/chef-12.5.1/lib/chef/runner.rb:80:in `converge'
/opt/chef/embedded/lib/ruby/gems/2.1.0/gems/chef-12.5.1/lib/chef/client.rb:653:in `block in converge'
/opt/chef/embedded/lib/ruby/gems/2.1.0/gems/chef-12.5.1/lib/chef/client.rb:648:in `catch'
/opt/chef/embedded/lib/ruby/gems/2.1.0/gems/chef-12.5.1/lib/chef/client.rb:648:in `converge'
/opt/chef/embedded/lib/ruby/gems/2.1.0/gems/chef-12.5.1/lib/chef/client.rb:687:in `converge_and_save'
/opt/chef/embedded/lib/ruby/gems/2.1.0/gems/chef-12.5.1/lib/chef/client.rb:269:in `run'
/opt/chef/embedded/lib/ruby/gems/2.1.0/gems/chef-12.5.1/lib/chef/application.rb:270:in `block in fork_chef_client'
/opt/chef/embedded/lib/ruby/gems/2.1.0/gems/chef-12.5.1/lib/chef/application.rb:258:in `fork'
/opt/chef/embedded/lib/ruby/gems/2.1.0/gems/chef-12.5.1/lib/chef/application.rb:258:in `fork_chef_client'
/opt/chef/embedded/lib/ruby/gems/2.1.0/gems/chef-12.5.1/lib/chef/application.rb:224:in `block in run_chef_client'
/opt/chef/embedded/lib/ruby/gems/2.1.0/gems/chef-12.5.1/lib/chef/local_mode.rb:44:in `with_server_connectivity'
/opt/chef/embedded/lib/ruby/gems/2.1.0/gems/chef-12.5.1/lib/chef/application.rb:212:in `run_chef_client'
/opt/chef/embedded/lib/ruby/gems/2.1.0/gems/chef-12.5.1/lib/chef/application/client.rb:408:in `block in interval_run_chef_client'
/opt/chef/embedded/lib/ruby/gems/2.1.0/gems/chef-12.5.1/lib/chef/application/client.rb:398:in `loop'
/opt/chef/embedded/lib/ruby/gems/2.1.0/gems/chef-12.5.1/lib/chef/application/client.rb:398:in `interval_run_chef_client'
/opt/chef/embedded/lib/ruby/gems/2.1.0/gems/chef-12.5.1/lib/chef/application/client.rb:388:in `run_application'
/opt/chef/embedded/lib/ruby/gems/2.1.0/gems/chef-12.5.1/lib/chef/application.rb:60:in `run'
/opt/chef/embedded/lib/ruby/gems/2.1.0/gems/chef-12.5.1/bin/chef-client:26:in `<top (required)>'
/usr/bin/chef-client:54:in `load'
/usr/bin/chef-client:54:in `<main>'